2021-08-13 20:16:15|new coins (AXS,REQ,TRU,IOTX,ORN,QUICK,TRIBE,ACH,PLA,FARM,CLV,MASK)
2021-08-13 20:17:12|no new coins(AXS,REQ,TRU,IOTX,ORN,QUICK,TRIBE,ACH,PLA,FARM,CLV,MASK)
2021-08-13 20:17:39|no new coins(AXS,REQ,TRU,IOTX,ORN,QUICK,TRIBE,ACH,PLA,FARM,CLV,MASK)
2021-08-13 23:55:53|no new coins(AXS,REQ,TRU,IOTX,ORN,QUICK,TRIBE,ACH,PLA,FARM,CLV,MASK)
2021-08-13 23:57:49|scend email success(CLV,MASK)
2021-08-13 23:57:49|new coins (CLV,MASK)
2021-08-14 00:00:36|no new coins(AXS,REQ,TRU,IOTX,ORN,QUICK,TRIBE,ACH,PLA,FARM,CLV,MASK)
2021-08-14 00:02:03|scend email success(CLV,MASK)
2021-08-14 00:02:03|new coins (CLV,MASK)
2021-08-14 00:04:27|scend email success(MASK)
2021-08-14 00:04:27|new coins (MASK)
2021-08-14 00:07:54|scend email success(PLA)
2021-08-14 00:07:54|new coins (PLA)
2021-08-14 00:11:35|scend email success(FARM)
2021-08-14 00:11:35|new coins (FARM)
2021-08-14 00:37:09|no new coins(AXS,REQ,TRU,IOTX,ORN,QUICK,TRIBE,ACH,PLA,FARM,CLV,MASK)
2021-08-14 00:38:07|no new coins(AXS,REQ,TRU,IOTX,ORN,QUICK,TRIBE,ACH,PLA,FARM,CLV,MASK)
2021-08-14 00:38:56|no new coins(AXS,REQ,TRU,IOTX,ORN,QUICK,TRIBE,ACH,PLA,FARM,CLV,MASK)
2021-08-14 00:39:38|no new coins(AXS,REQ,TRU,IOTX,ORN,QUICK,TRIBE,ACH,PLA,FARM,CLV,MASK)
2021-08-14 00:41:00|no new coins(AXS,REQ,TRU,IOTX,ORN,QUICK,TRIBE,ACH,PLA,FARM,CLV,MASK)
2021-08-14 00:42:09|no new coins(AXS,REQ,TRU,IOTX,ORN,QUICK,TRIBE,ACH,PLA,FARM,CLV,MASK)
2021-08-14 00:42:52|no new coins(AXS,REQ,TRU,IOTX,ORN,QUICK,TRIBE,ACH,PLA,FARM,CLV,MASK)
2021-08-14 00:43:57|no new coins(AXS,REQ,TRU,IOTX,ORN,QUICK,TRIBE,ACH,PLA,FARM,CLV,MASK)
2021-08-14 00:44:42|no new coins(AXS,REQ,TRU,IOTX,ORN,QUICK,TRIBE,ACH,PLA,FARM,CLV,MASK)
2021-08-14 00:45:27|no new coins(AXS,REQ,TRU,IOTX,ORN,QUICK,TRIBE,ACH,PLA,FARM,CLV,MASK)
2021-08-14 00:46:33|no new coins(AXS,REQ,TRU,IOTX,ORN,QUICK,TRIBE,ACH,PLA,FARM,CLV,MASK)
2021-08-14 00:50:51|no new coins(AXS,REQ,TRU,IOTX,ORN,QUICK,TRIBE,ACH,PLA,FARM,CLV,MASK)
2021-08-14 00:51:35|no new coins(AXS,REQ,TRU,IOTX,ORN,QUICK,TRIBE,ACH,PLA,FARM,CLV,MASK)
2021-08-14 00:52:18|no new coins(AXS,REQ,TRU,IOTX,ORN,QUICK,TRIBE,ACH,PLA,FARM,CLV,MASK)
2021-08-14 00:53:10|no new coins(AXS,REQ,TRU,IOTX,ORN,QUICK,TRIBE,ACH,PLA,FARM,CLV,MASK)
2021-08-14 00:53:52|no new coins(AXS,REQ,TRU,IOTX,ORN,QUICK,TRIBE,ACH,PLA,FARM,CLV,MASK)
2021-08-14 00:54:55|no new coins(AXS,REQ,TRU,IOTX,ORN,QUICK,TRIBE,ACH,PLA,FARM,CLV,MASK)
2021-08-14 00:55:57|no new coins(AXS,REQ,TRU,IOTX,ORN,QUICK,TRIBE,ACH,PLA,FARM,CLV,MASK)
