wget --user-agent="Mozilla/5.0 (X11; CrOS i686 2268.111.0) AppleWebKit/536.11 (KHTML, like Gecko) Chrome/20.0.1132.57 Safari/536.11" https://medium.com/_/api/collections/c114225aeaf7/stream\?to\=\{timestamp\}\&page\=4 -qO cb_2021-08-14-20-13-19.html
['AXS', 'REQ', 'TRU', 'IOTX', 'ORN', 'QUICK', 'TRIBE', 'ACH', 'PLA', 'FARM', 'CLV', 'MASK']
['AXS', 'REQ', 'TRU', 'IOTX', 'ORN', 'QUICK', 'TRIBE', 'ACH', 'PLA', 'FARM', 'CLV', 'MASK']
[]
wget --user-agent="Mozilla/5.0 (Windows NT 6.2) AppleWebKit/536.3 (KHTML, like Gecko) Chrome/19.0.1061.0 Safari/536.3" https://medium.com/_/api/collections/c114225aeaf7/stream\?to\=\{timestamp\}\&page\=4 -qO cb_2021-08-14-20-18-15.html
['AXS', 'REQ', 'TRU', 'IOTX', 'ORN', 'QUICK', 'TRIBE', 'ACH', 'PLA', 'FARM', 'CLV', 'MASK']
['AXS', 'REQ', 'TRU', 'IOTX', 'ORN', 'QUICK', 'TRIBE', 'ACH', 'PLA', 'FARM', 'CLV', 'MASK']
[]
wget --user-agent="Mozilla/5.0 (Windows NT 6.1) AppleWebKit/536.3 (KHTML, like Gecko) Chrome/19.0.1061.1 Safari/536.3" https://medium.com/_/api/collections/c114225aeaf7/stream\?to\=\{timestamp\}\&page\=4 -qO cb_2021-08-14-20-22-00.html
['AXS', 'REQ', 'TRU', 'IOTX', 'ORN', 'QUICK', 'TRIBE', 'ACH', 'PLA', 'FARM', 'CLV', 'MASK']
['AXS', 'REQ', 'TRU', 'IOTX', 'ORN', 'QUICK', 'TRIBE', 'ACH', 'PLA', 'FARM', 'CLV', 'MASK']
[]
wget --user-agent="Mozilla/5.0 (Windows NT 6.1; WOW64) AppleWebKit/536.3 (KHTML, like Gecko) Chrome/19.0.1062.0 Safari/536.3" https://medium.com/_/api/collections/c114225aeaf7/stream\?to\=\{timestamp\}\&page\=4 -qO cb_2021-08-14-20-26-19.html
['AXS', 'REQ', 'TRU', 'IOTX', 'ORN', 'QUICK', 'TRIBE', 'ACH', 'PLA', 'FARM', 'CLV', 'MASK']
['AXS', 'REQ', 'TRU', 'IOTX', 'ORN', 'QUICK', 'TRIBE', 'ACH', 'PLA', 'FARM', 'CLV', 'MASK']
[]
wget --user-agent="Mozilla/5.0 (Windows NT 6.2) AppleWebKit/536.3 (KHTML, like Gecko) Chrome/19.0.1062.0 Safari/536.3" https://medium.com/_/api/collections/c114225aeaf7/stream\?to\=\{timestamp\}\&page\=4 -qO cb_2021-08-14-20-30-55.html
['AXS', 'REQ', 'TRU', 'IOTX', 'ORN', 'QUICK', 'TRIBE', 'ACH', 'PLA', 'FARM', 'CLV', 'MASK']
['AXS', 'REQ', 'TRU', 'IOTX', 'ORN', 'QUICK', 'TRIBE', 'ACH', 'PLA', 'FARM', 'CLV', 'MASK']
[]
wget --user-agent="Mozilla/5.0 (Windows NT 6.1; WOW64) AppleWebKit/536.3 (KHTML, like Gecko) Chrome/19.0.1062.0 Safari/536.3" https://medium.com/_/api/collections/c114225aeaf7/stream\?to\=\{timestamp\}\&page\=4 -qO cb_2021-08-14-20-35-40.html
['AXS', 'REQ', 'TRU', 'IOTX', 'ORN', 'QUICK', 'TRIBE', 'ACH', 'PLA', 'FARM', 'CLV', 'MASK']
['AXS', 'REQ', 'TRU', 'IOTX', 'ORN', 'QUICK', 'TRIBE', 'ACH', 'PLA', 'FARM', 'CLV', 'MASK']
[]
wget --user-agent="Mozilla/5.0 (Windows NT 6.2) AppleWebKit/536.3 (KHTML, like Gecko) Chrome/19.0.1062.0 Safari/536.3" https://medium.com/_/api/collections/c114225aeaf7/stream\?to\=\{timestamp\}\&page\=4 -qO cb_2021-08-14-20-39-19.html
['AXS', 'REQ', 'TRU', 'IOTX', 'ORN', 'QUICK', 'TRIBE', 'ACH', 'PLA', 'FARM', 'CLV', 'MASK']
['AXS', 'REQ', 'TRU', 'IOTX', 'ORN', 'QUICK', 'TRIBE', 'ACH', 'PLA', 'FARM', 'CLV', 'MASK']
[]
wget --user-agent="Mozilla/5.0 (Windows NT 6.2; WOW64) AppleWebKit/535.24 (KHTML, like Gecko) Chrome/19.0.1055.1 Safari/535.24" https://medium.com/_/api/collections/c114225aeaf7/stream\?to\=\{timestamp\}\&page\=4 -qO cb_2021-08-14-20-42-57.html
['AXS', 'REQ', 'TRU', 'IOTX', 'ORN', 'QUICK', 'TRIBE', 'ACH', 'PLA', 'FARM', 'CLV', 'MASK']
['AXS', 'REQ', 'TRU', 'IOTX', 'ORN', 'QUICK', 'TRIBE', 'ACH', 'PLA', 'FARM', 'CLV', 'MASK']
[]
wget --user-agent="Mozilla/5.0 (Windows NT 6.0) AppleWebKit/536.5 (KHTML, like Gecko) Chrome/19.0.1084.36 Safari/536.5" https://medium.com/_/api/collections/c114225aeaf7/stream\?to\=\{timestamp\}\&page\=4 -qO cb_2021-08-14-20-46-56.html
['AXS', 'REQ', 'TRU', 'IOTX', 'ORN', 'QUICK', 'TRIBE', 'ACH', 'PLA', 'FARM', 'CLV', 'MASK']
['AXS', 'REQ', 'TRU', 'IOTX', 'ORN', 'QUICK', 'TRIBE', 'ACH', 'PLA', 'FARM', 'CLV', 'MASK']
[]
